#
# A fatal error has been detected by the Java Runtime Environment:
#
#  EXCEPTION_ACCESS_VIOLATION (0xc0000005) at pc=0x000000006885cb08, pid=12880, tid=0x0000000000002094
#
# JRE version: Java(TM) SE Runtime Environment (8.0_141-b15) (build 1.8.0_141-b15)
# Java VM: Java HotSpot(TM) 64-Bit Server VM (25.141-b15 mixed mode windows-amd64 compressed oops)
# Problematic frame:
# V  [jvm.dll+0x15cb08]
#
# Failed to write core dump. Minidumps are not enabled by default on client versions of Windows
#
# If you would like to submit a bug report, please visit:
#   http://bugreport.java.com/bugreport/crash.jsp
# The crash happened outside the Java Virtual Machine in native code.
# See problematic frame for where to report the bug.
#

---------------  T H R E A D  ---------------

Current thread (0x000000001d9b8800):  JavaThread "AWT-EventQueue-0" [_thread_in_native, id=8340, stack(0x00000000209d0000,0x0000000020ad0000)]

siginfo: ExceptionCode=0xc0000005, writing address 0x0000000000000270

Registers:
RAX=0x000000000000dead, RBX=0x0000000000000000, RCX=0x00000000023d0800, RDX=0x00000000023f2a20
RSP=0x0000000020ace0e0, RBP=0x00000000023f2a20, RSI=0x0000000000000000, RDI=0x0000000000000009
R8 =0x0000000000000000, R9 =0x0000000000000009, R10=0x0000000068ea1d50, R11=0x000000006892bc50
R12=0x0000000000000000, R13=0x000000001bbd8f10, R14=0x0000000020ace248, R15=0x000000001d9b8800
RIP=0x000000006885cb08, EFLAGS=0x0000000000010246

Top of Stack: (sp=0x0000000020ace0e0)
0x0000000020ace0e0:   000000001bbd8f10 0000000020ace248
0x0000000020ace0f0:   000000001fce0240 00000000687bb736
0x0000000020ace100:   0000000020ace8b8 000000001d9b8800
0x0000000020ace110:   000000001bbdb678 000000001d9b8800
0x0000000020ace120:   000000001bbd8f10 000000001d9b8800
0x0000000020ace130:   000000001d9a4af0 00007ffd1a11600d
0x0000000020ace140:   0000000000000009 00000000000003e8
0x0000000020ace150:   0000000000000009 000000001d9b8800
0x0000000020ace160:   000000001d9ac1e0 0000000000000021
0x0000000020ace170:   00000000024d7da0 00000000024e8a77
0x0000000020ace180:   0000000020ace210 000000001bbd8f10
0x0000000020ace190:   0000000000000021 00000000024e865d
0x0000000020ace1a0:   000000001d9b8800 000000001bbd8f10
0x0000000020ace1b0:   0000000000000021 000000001d9b8800
0x0000000020ace1c0:   0000000000000001 000000076b028500
0x0000000020ace1d0:   0000000020ace1c0 000000001bbd8f10 

Instructions: (pc=0x000000006885cb08)
0x000000006885cae8:   8b ea 3d ab de 00 00 74 17 8b 83 88 02 00 00 3d
0x000000006885caf8:   ac de 00 00 74 0a 48 8b cb e8 5a 13 0e 00 33 db
0x000000006885cb08:   c7 83 70 02 00 00 05 00 00 00 83 3d 4f 27 6b 00
0x000000006885cb18:   01 75 09 80 3d c1 19 6b 00 00 74 18 80 3d b9 19 


Register to memory mapping:

RAX=0x000000000000dead is an unknown value
RBX=0x0000000000000000 is an unknown value
RCX=0x00000000023d0800 is an unknown value
RDX=0x00000000023f2a20 is a global jni handle
RSP=0x0000000020ace0e0 is pointing into the stack for thread: 0x000000001d9b8800
RBP=0x00000000023f2a20 is a global jni handle
RSI=0x0000000000000000 is an unknown value
RDI=0x0000000000000009 is an unknown value
R8 =0x0000000000000000 is an unknown value
R9 =0x0000000000000009 is an unknown value
R10=0x0000000068ea1d50 is an unknown value
R11=0x000000006892bc50 is an unknown value
R12=0x0000000000000000 is an unknown value
R13={method} {0x000000001bbd8f18} 'nativeReadBuf' '(JI)I' in 'ch/aplu/jaw/NativeHandler'
R14=0x0000000020ace248 is pointing into the stack for thread: 0x000000001d9b8800
R15=0x000000001d9b8800 is a thread


Stack: [0x00000000209d0000,0x0000000020ad0000],  sp=0x0000000020ace0e0,  free space=1016k
Native frames: (J=compiled Java code, j=interpreted, Vv=VM code, C=native code)
V  [jvm.dll+0x15cb08]
C  [xboxcontroller64.dll+0x600d]
C  0x00000000024e8a77

Java frames: (J=compiled Java code, j=interpreted, Vv=VM code)
j  ch.aplu.jaw.NativeHandler.nativeReadBuf(JI)I+0
j  ch.aplu.jaw.NativeHandler.readBuf(I)I+33
j  ch.aplu.xboxcontroller.XboxController.readData()Lch/aplu/xboxcontroller/ControllerState;+15
j  ch.aplu.xboxcontroller.XboxController.access$000(Lch/aplu/xboxcontroller/XboxController;)Lch/aplu/xboxcontroller/ControllerState;+1
j  ch.aplu.xboxcontroller.XboxController$1.actionPerformed(Ljava/awt/event/ActionEvent;)V+4
j  javax.swing.Timer.fireActionPerformed(Ljava/awt/event/ActionEvent;)V+34
j  javax.swing.Timer$DoPostEvent.run()V+74
j  java.awt.event.InvocationEvent.dispatch()V+47
j  java.awt.EventQueue.dispatchEventImpl(Ljava/awt/AWTEvent;Ljava/lang/Object;)V+21
j  java.awt.EventQueue.access$500(Ljava/awt/EventQueue;Ljava/awt/AWTEvent;Ljava/lang/Object;)V+3
j  java.awt.EventQueue$3.run()Ljava/lang/Void;+32
j  java.awt.EventQueue$3.run()Ljava/lang/Object;+1
v  ~StubRoutines::call_stub
j  java.security.AccessController.doPrivileged(Ljava/security/PrivilegedAction;Ljava/security/AccessControlContext;)Ljava/lang/Object;+0
j  java.security.ProtectionDomain$JavaSecurityAccessImpl.doIntersectionPrivilege(Ljava/security/PrivilegedAction;Ljava/security/AccessControlContext;Ljava/security/AccessControlContext;)Ljava/lang/Object;+18
j  java.awt.EventQueue.dispatchEvent(Ljava/awt/AWTEvent;)V+46
j  java.awt.EventDispatchThread.pumpOneEventForFilters(I)V+245
j  java.awt.EventDispatchThread.pumpEventsForFilter(ILjava/awt/Conditional;Ljava/awt/EventFilter;)V+35
j  java.awt.EventDispatchThread.pumpEventsForHierarchy(ILjava/awt/Conditional;Ljava/awt/Component;)V+11
j  java.awt.EventDispatchThread.pumpEvents(ILjava/awt/Conditional;)V+4
j  java.awt.EventDispatchThread.pumpEvents(Ljava/awt/Conditional;)V+3
j  java.awt.EventDispatchThread.run()V+9
v  ~StubRoutines::call_stub

---------------  P R O C E S S  ---------------

Java Threads: ( => current thread )
  0x000000001d9b3000 JavaThread "DestroyJavaVM" [_thread_blocked, id=10112, stack(0x00000000022b0000,0x00000000023b0000)]
  0x000000001d9b4000 JavaThread "Thread-2" [_thread_in_native, id=10376, stack(0x0000000020ad0000,0x0000000020bd0000)]
=>0x000000001d9b8800 JavaThread "AWT-EventQueue-0" [_thread_in_native, id=8340, stack(0x00000000209d0000,0x0000000020ad0000)]
  0x000000001d9b8000 JavaThread "AWT-Windows" daemon [_thread_in_native, id=5400, stack(0x00000000207d0000,0x00000000208d0000)]
  0x000000001d9ba000 JavaThread "AWT-Shutdown" [_thread_blocked, id=2740, stack(0x00000000206d0000,0x00000000207d0000)]
  0x000000001d9b6800 JavaThread "Java2D Disposer" daemon [_thread_blocked, id=12836, stack(0x0000000020590000,0x0000000020690000)]
  0x000000001d9b7000 JavaThread "TimerQueue" daemon [_thread_blocked, id=7940, stack(0x0000000020420000,0x0000000020520000)]
  0x000000001d9b9800 JavaThread "Thread-0" [_thread_in_native, id=676, stack(0x000000001f500000,0x000000001f600000)]
  0x000000001d92d800 JavaThread "Service Thread" daemon [_thread_blocked, id=6020, stack(0x000000001f2f0000,0x000000001f3f0000)]
  0x000000001d8a2800 JavaThread "C1 CompilerThread3" daemon [_thread_blocked, id=1104, stack(0x000000001f1f0000,0x000000001f2f0000)]
  0x000000001d8a2000 JavaThread "C2 CompilerThread2" daemon [_thread_blocked, id=9524, stack(0x000000001f0f0000,0x000000001f1f0000)]
  0x000000001d899000 JavaThread "C2 CompilerThread1" daemon [_thread_blocked, id=3404, stack(0x000000001eff0000,0x000000001f0f0000)]
  0x000000001d894000 JavaThread "C2 CompilerThread0" daemon [_thread_blocked, id=2504, stack(0x000000001eef0000,0x000000001eff0000)]
  0x000000001d890000 JavaThread "Attach Listener" daemon [_thread_blocked, id=6012, stack(0x000000001edf0000,0x000000001eef0000)]
  0x000000001d88f000 JavaThread "Signal Dispatcher" daemon [_thread_blocked, id=6036, stack(0x000000001ecf0000,0x000000001edf0000)]
  0x000000001d883000 JavaThread "Finalizer" daemon [_thread_blocked, id=5908, stack(0x000000001eb00000,0x000000001ec00000)]
  0x000000001c1bd800 JavaThread "Reference Handler" daemon [_thread_blocked, id=10204, stack(0x000000001ea00000,0x000000001eb00000)]

Other Threads:
  0x000000001c1b6800 VMThread [stack: 0x000000001e900000,0x000000001ea00000] [id=9972]
  0x000000001d949800 WatcherThread [stack: 0x000000001f3f0000,0x000000001f4f0000] [id=6476]

VM state:not at safepoint (normal execution)

VM Mutex/Monitor currently owned by a thread: None

Heap:
 PSYoungGen      total 76288K, used 13108K [0x000000076af80000, 0x0000000770480000, 0x00000007c0000000)
  eden space 65536K, 20% used [0x000000076af80000,0x000000076bc4d0f0,0x000000076ef80000)
  from space 10752K, 0% used [0x000000076fa00000,0x000000076fa00000,0x0000000770480000)
  to   space 10752K, 0% used [0x000000076ef80000,0x000000076ef80000,0x000000076fa00000)
 ParOldGen       total 175104K, used 0K [0x00000006c0e00000, 0x00000006cb900000, 0x000000076af80000)
  object space 175104K, 0% used [0x00000006c0e00000,0x00000006c0e00000,0x00000006cb900000)
 Metaspace       used 5669K, capacity 5846K, committed 5888K, reserved 1056768K
  class space    used 651K, capacity 735K, committed 768K, reserved 1048576K

Card table byte_map: [0x0000000011890000,0x0000000012090000] byte_map_base: 0x000000000e289000

Marking Bits: (ParMarkBitMap*) 0x0000000068f1d850
 Begin Bits: [0x0000000012ff0000, 0x0000000016fb8000)
 End Bits:   [0x0000000016fb8000, 0x000000001af80000)

Polling page: 0x0000000002250000

CodeCache: size=245760Kb used=1698Kb max_used=1698Kb free=244061Kb
 bounds [0x00000000024d0000, 0x0000000002740000, 0x00000000114d0000]
 total_blobs=633 nmethods=301 adapters=245
 compilation: enabled

Compilation events (10 events):
Event: 1.400 Thread 0x000000001d8a2800  296       3       java.util.concurrent.locks.AbstractQueuedSynchronizer::release (33 bytes)
Event: 1.400 Thread 0x000000001d8a2800 nmethod 296 0x0000000002676850 code [0x00000000026769c0, 0x0000000002676cd8]
Event: 1.450 Thread 0x000000001d8a2800  297       3       java.util.HashMap::newNode (13 bytes)
Event: 1.450 Thread 0x000000001d8a2800 nmethod 297 0x0000000002675f90 code [0x0000000002676100, 0x00000000026763b0]
Event: 1.450 Thread 0x000000001d8a2800  298       3       java.util.HashMap::afterNodeInsertion (1 bytes)
Event: 1.450 Thread 0x000000001d8a2800 nmethod 298 0x0000000002675c90 code [0x0000000002675de0, 0x0000000002675f30]
Event: 1.501 Thread 0x000000001d8a2800  300       1       javax.swing.Timer::getLock (5 bytes)
Event: 1.501 Thread 0x000000001d8a2800 nmethod 300 0x00000000026759d0 code [0x0000000002675b20, 0x0000000002675c30]
Event: 1.602 Thread 0x000000001d8a2800  301       3       java.lang.Thread::interrupted (8 bytes)
Event: 1.602 Thread 0x000000001d8a2800 nmethod 301 0x0000000002678d90 code [0x0000000002678f00, 0x0000000002679088]

GC Heap History (0 events):
No events

Deoptimization events (0 events):
No events

Internal exceptions (10 events):
Event: 0.184 Thread 0x00000000023d0800 Exception <a 'java/security/PrivilegedActionException'> (0x000000076b065230) thrown at [C:\re\workspace\8-2-build-windows-amd64-cygwin\jdk8u141\9370\hotspot\src\share\vm\prims\jvm.cpp, line 1390]
Event: 0.185 Thread 0x00000000023d0800 Exception <a 'java/security/PrivilegedActionException'> (0x000000076b069270) thrown at [C:\re\workspace\8-2-build-windows-amd64-cygwin\jdk8u141\9370\hotspot\src\share\vm\prims\jvm.cpp, line 1390]
Event: 0.185 Thread 0x00000000023d0800 Exception <a 'java/security/PrivilegedActionException'> (0x000000076b069668) thrown at [C:\re\workspace\8-2-build-windows-amd64-cygwin\jdk8u141\9370\hotspot\src\share\vm\prims\jvm.cpp, line 1390]
Event: 0.187 Thread 0x00000000023d0800 Exception <a 'java/io/FileNotFoundException'> (0x000000076b06bdb0) thrown at [C:\re\workspace\8-2-build-windows-amd64-cygwin\jdk8u141\9370\hotspot\src\share\vm\prims\jni.cpp, line 709]
Event: 0.210 Thread 0x00000000023d0800 Exception <a 'java/lang/NoSuchFieldError': method resolution failed> (0x000000076b3c8ab0) thrown at [C:\re\workspace\8-2-build-windows-amd64-cygwin\jdk8u141\9370\hotspot\src\share\vm\prims\methodHandles.cpp, line 1146]
Event: 0.211 Thread 0x00000000023d0800 Exception <a 'java/lang/NoSuchFieldError': method resolution failed> (0x000000076b3d6250) thrown at [C:\re\workspace\8-2-build-windows-amd64-cygwin\jdk8u141\9370\hotspot\src\share\vm\prims\methodHandles.cpp, line 1146]
Event: 0.225 Thread 0x00000000023d0800 Exception <a 'java/security/PrivilegedActionException'> (0x000000076b455468) thrown at [C:\re\workspace\8-2-build-windows-amd64-cygwin\jdk8u141\9370\hotspot\src\share\vm\prims\jvm.cpp, line 1390]
Event: 0.225 Thread 0x00000000023d0800 Exception <a 'java/security/PrivilegedActionException'> (0x000000076b455678) thrown at [C:\re\workspace\8-2-build-windows-amd64-cygwin\jdk8u141\9370\hotspot\src\share\vm\prims\jvm.cpp, line 1390]
Event: 0.230 Thread 0x00000000023d0800 Exception <a 'java/io/FileNotFoundException'> (0x000000076b49af10) thrown at [C:\re\workspace\8-2-build-windows-amd64-cygwin\jdk8u141\9370\hotspot\src\share\vm\prims\jni.cpp, line 709]
Event: 0.332 Thread 0x00000000023d0800 Exception <a 'java/io/FileNotFoundException'> (0x000000076b5f9138) thrown at [C:\re\workspace\8-2-build-windows-amd64-cygwin\jdk8u141\9370\hotspot\src\share\vm\prims\jni.cpp, line 709]

Events (10 events):
Event: 0.335 loading class java/io/RandomAccessFile done
Event: 0.335 loading class java/lang/NumberFormatException
Event: 0.335 loading class java/lang/NumberFormatException done
Event: 0.335 loading class java/lang/IndexOutOfBoundsException
Event: 0.335 loading class java/lang/IndexOutOfBoundsException done
Event: 0.339 loading class gnu/io/RXTXPort$MonitorThread
Event: 0.339 loading class gnu/io/RXTXPort$MonitorThread done
Event: 0.340 Thread 0x000000001d9b4000 Thread added: 0x000000001d9b4000
Event: 0.348 Thread 0x00000000023d0800 Thread exited: 0x00000000023d0800
Event: 0.348 Thread 0x000000001d9b3000 Thread added: 0x000000001d9b3000


Dynamic libraries:
0x00007ff7cd2b0000 - 0x00007ff7cd2e7000 	C:\Program Files\Java\jre1.8.0_141\bin\javaw.exe
0x00007ffd21160000 - 0x00007ffd21332000 	C:\Windows\SYSTEM32\ntdll.dll
0x00007ffd1fd20000 - 0x00007ffd1fdcc000 	C:\Windows\System32\KERNEL32.DLL
0x00007ffd1d7e0000 - 0x00007ffd1d9fd000 	C:\Windows\System32\KERNELBASE.dll
0x00007ffd20a60000 - 0x00007ffd20b02000 	C:\Windows\System32\ADVAPI32.dll
0x00007ffd1fc80000 - 0x00007ffd1fd1e000 	C:\Windows\System32\msvcrt.dll
0x00007ffd1e6f0000 - 0x00007ffd1e749000 	C:\Windows\System32\sechost.dll
0x00007ffd20910000 - 0x00007ffd20a31000 	C:\Windows\System32\RPCRT4.dll
0x00007ffd20e60000 - 0x00007ffd20fc5000 	C:\Windows\System32\USER32.dll
0x00007ffd1dc40000 - 0x00007ffd1dc5e000 	C:\Windows\System32\win32u.dll
0x00007ffd20c50000 - 0x00007ffd20c84000 	C:\Windows\System32\GDI32.dll
0x00007ffd1d660000 - 0x00007ffd1d7e0000 	C:\Windows\System32\gdi32full.dll
0x00007ffd04620000 - 0x00007ffd0489a000 	C:\Windows\WinSxS\amd64_microsoft.windows.common-controls_6595b64144ccf1df_6.0.14393.953_none_42151e83c686086b\COMCTL32.dll
0x00007ffd204d0000 - 0x00007ffd20798000 	C:\Windows\System32\combase.dll
0x00007ffd1de60000 - 0x00007ffd1df55000 	C:\Windows\System32\ucrtbase.dll
0x00007ffd1dbd0000 - 0x00007ffd1dc3a000 	C:\Windows\System32\bcryptPrimitives.dll
0x00007ffd20c90000 - 0x00007ffd20cbe000 	C:\Windows\System32\IMM32.DLL
0x0000000068540000 - 0x0000000068612000 	C:\Program Files\Java\jre1.8.0_141\bin\msvcr100.dll
0x0000000068700000 - 0x0000000068f9d000 	C:\Program Files\Java\jre1.8.0_141\bin\server\jvm.dll
0x00007ffd20900000 - 0x00007ffd20908000 	C:\Windows\System32\PSAPI.DLL
0x00007ffd1a100000 - 0x00007ffd1a109000 	C:\Windows\SYSTEM32\WSOCK32.dll
0x00007ffd175a0000 - 0x00007ffd175aa000 	C:\Windows\SYSTEM32\VERSION.dll
0x00007ffd1b910000 - 0x00007ffd1b933000 	C:\Windows\SYSTEM32\WINMM.dll
0x00007ffd21030000 - 0x00007ffd2109a000 	C:\Windows\System32\WS2_32.dll
0x0000000002280000 - 0x00000000022ab000 	C:\Windows\SYSTEM32\WINMMBASE.dll
0x00007ffd1dd00000 - 0x00007ffd1dd42000 	C:\Windows\System32\cfgmgr32.dll
0x00000000686f0000 - 0x00000000686ff000 	C:\Program Files\Java\jre1.8.0_141\bin\verify.dll
0x00000000686c0000 - 0x00000000686e9000 	C:\Program Files\Java\jre1.8.0_141\bin\java.dll
0x00000000686a0000 - 0x00000000686b6000 	C:\Program Files\Java\jre1.8.0_141\bin\zip.dll
0x00007ffd1e750000 - 0x00007ffd1fc58000 	C:\Windows\System32\SHELL32.dll
0x00007ffd1df60000 - 0x00007ffd1e63a000 	C:\Windows\System32\windows.storage.dll
0x00007ffd1d610000 - 0x00007ffd1d65c000 	C:\Windows\System32\powrprof.dll
0x00007ffd20840000 - 0x00007ffd20892000 	C:\Windows\System32\shlwapi.dll
0x00007ffd1d600000 - 0x00007ffd1d60f000 	C:\Windows\System32\kernel.appcore.dll
0x00007ffd1ddb0000 - 0x00007ffd1de59000 	C:\Windows\System32\shcore.dll
0x00007ffd1d5d0000 - 0x00007ffd1d5e4000 	C:\Windows\System32\profapi.dll
0x00007ffd1a110000 - 0x00007ffd1a121000 	C:\Windows\XboxController\xboxcontroller64.dll
0x00007ffd19e40000 - 0x00007ffd19e47000 	C:\Windows\SYSTEM32\XINPUT9_1_0.dll
0x00000000684a0000 - 0x0000000068538000 	C:\Windows\SYSTEM32\MSVCP100.dll
0x00007ffd1bc50000 - 0x00007ffd1bce5000 	C:\Windows\system32\uxtheme.dll
0x00007ffd1ff40000 - 0x00007ffd2009a000 	C:\Windows\System32\MSCTF.dll
0x00007ffd210a0000 - 0x00007ffd2115f000 	C:\Windows\System32\OLEAUT32.dll
0x00007ffd1dc60000 - 0x00007ffd1dcfc000 	C:\Windows\System32\msvcp_win.dll
0x00007ffd1a6e0000 - 0x00007ffd1a706000 	C:\Windows\system32\dwmapi.dll
0x00007ffd18bb0000 - 0x00007ffd18bbe000 	C:\Windows\SYSTEM32\XInput1_4.dll
0x00007ffd1c1e0000 - 0x00007ffd1c208000 	C:\Windows\SYSTEM32\DEVOBJ.dll
0x0000000068300000 - 0x0000000068498000 	C:\Program Files\Java\jre1.8.0_141\bin\awt.dll
0x00007ffd1ba10000 - 0x00007ffd1ba8a000 	C:\Windows\SYSTEM32\apphelp.dll
0x0000000180000000 - 0x0000000180025000 	F:\Eclipse Workspace\Workspace\CraneProject\mfz-rxtx-2.2-20081207-win-x64\rxtxSerial.dll
0x00007ffd20b10000 - 0x00007ffd20c48000 	C:\Windows\System32\ole32.dll
0x00007ffd0a620000 - 0x00007ffd0a7b2000 	C:\Windows\SYSTEM32\dbghelp.dll

VM Arguments:
jvm_args: -Djava.library.path=C:\Windows\XboxController;C:\Windows\XboxController;F:\Eclipse Workspace\Workspace\CraneProject\javax.comm;F:\Eclipse Workspace\Workspace\CraneProject\mfz-rxtx-2.2-20081207-win-x64 -Dfile.encoding=Cp1252 
java_command: main
java_class_path (initial): F:\Eclipse Workspace\Workspace\CraneProject\bin;F:\Eclipse Workspace\Workspace\CraneProject\XboxController\lib\jaw.jar;F:\Eclipse Workspace\Workspace\CraneProject\XboxController\lib\XboxController.jar;F:\Eclipse Workspace\Workspace\CraneProject\javax.comm\comm.jar;F:\Eclipse Workspace\Workspace\CraneProject\mfz-rxtx-2.2-20081207-win-x64\RXTXcomm.jar
Launcher Type: SUN_STANDARD

Environment Variables:
JAVA_HOME=C:\Program Files\Java\jdk1.8.0_111
PATH=C:/Program Files/Java/jre1.8.0_141/bin/server;C:/Program Files/Java/jre1.8.0_141/bin;C:/Program Files/Java/jre1.8.0_141/lib/amd64;C:\ProgramData\Oracle\Java\javapath;C:\Program Files (x86)\Intel\iCLS Client\;C:\Program Files\Intel\iCLS Client\;C:\Windows\system32;C:\Windows;C:\Windows\System32\Wbem;C:\Windows\System32\WindowsPowerShell\v1.0\;C:\Program Files (x86)\Intel\Intel(R) Management Engine Components\DAL;C:\Program Files\Intel\Intel(R) Management Engine Components\DAL;C:\Program Files (x86)\Intel\Intel(R) Management Engine Components\IPT;C:\Program Files\Intel\Intel(R) Management Engine Components\IPT;C:\Program Files\Microsoft SQL Server\Client SDK\ODBC\130\Tools\Binn\;C:\Program Files (x86)\Microsoft SQL Server\130\Tools\Binn\;C:\Program Files\Microsoft SQL Server\130\Tools\Binn\;C:\Program Files\Microsoft SQL Server\130\DTS\Binn\;C:\Program Files (x86)\Microsoft SQL Server\Client SDK\ODBC\130\Tools\Binn\;C:\Program Files (x86)\Microsoft SQL Server\130\DTS\Binn\;C:\Program Files (x86)\Microsoft SQL Server\130\Tools\Binn\ManagementStudio\;F:\apache-maven-3.3.9\bin;C:\Program Files\Java\jdk1.8.0_111;C:\Program Files\Git\cmd;C:\Program Files\dotnet\;C:\spark-2.1.0-bin-hadoop2.7\bin;C:\Program Files (x86)\scala\bin;HADOOP_HOME\bin;BITNAMI_HOME\bin;BITNAMI_HOME\apache2\bin;C:\Program Files\Java\jdk1.8.0_111\bin;C:\Program Files\Heroku\bin;F:\Eclipse Neon\eclipse;
USERNAME=sloma
OS=Windows_NT
PROCESSOR_IDENTIFIER=Intel64 Family 6 Model 62 Stepping 4, GenuineIntel



---------------  S Y S T E M  ---------------

OS: Windows 10.0 , 64 bit Build 14393 (10.0.14393.1198)

CPU:total 12 (initial active 12) (6 cores per cpu, 2 threads per core) family 6 model 62 stepping 4, cmov, cx8, fxsr, mmx, sse, sse2, sse3, ssse3, sse4.1, sse4.2, popcnt, avx, aes, clmul, erms, ht, tsc, tscinvbit

Memory: 4k page, physical 16716312k(10234904k free), swap 22483480k(13688840k free)

vm_info: Java HotSpot(TM) 64-Bit Server VM (25.141-b15) for windows-amd64 JRE (1.8.0_141-b15), built on Jul 12 2017 04:25:12 by "java_re" with MS VC++ 10.0 (VS2010)

time: Sat Sep 02 19:12:11 2017
elapsed time: 1 seconds (0d 0h 0m 1s)

