#
# A fatal error has been detected by the Java Runtime Environment:
#
#  EXCEPTION_ACCESS_VIOLATION (0xc0000005) at pc=0x000000006856cb08, pid=7108, tid=0x0000000000003740
#
# JRE version: Java(TM) SE Runtime Environment (8.0_141-b15) (build 1.8.0_141-b15)
# Java VM: Java HotSpot(TM) 64-Bit Server VM (25.141-b15 mixed mode windows-amd64 compressed oops)
# Problematic frame:
# V  [jvm.dll+0x15cb08]
#
# Failed to write core dump. Minidumps are not enabled by default on client versions of Windows
#
# If you would like to submit a bug report, please visit:
#   http://bugreport.java.com/bugreport/crash.jsp
# The crash happened outside the Java Virtual Machine in native code.
# See problematic frame for where to report the bug.
#

---------------  T H R E A D  ---------------

Current thread (0x000000001dffb000):  JavaThread "AWT-EventQueue-0" [_thread_in_native, id=14144, stack(0x0000000020fe0000,0x00000000210e0000)]

siginfo: ExceptionCode=0xc0000005, writing address 0x0000000000000270

Registers:
RAX=0x000000000000dead, RBX=0x0000000000000000, RCX=0x0000000002a10800, RDX=0x0000000002b01590
RSP=0x00000000210dda80, RBP=0x0000000002b01590, RSI=0x0000000000000000, RDI=0x0000000000000009
R8 =0x0000000000000000, R9 =0x0000000000000009, R10=0x0000000068bb1d50, R11=0x000000006863bc50
R12=0x0000000000000000, R13=0x000000001c218f10, R14=0x00000000210ddbe8, R15=0x000000001dffb000
RIP=0x000000006856cb08, EFLAGS=0x0000000000010246

Top of Stack: (sp=0x00000000210dda80)
0x00000000210dda80:   000000001c218f10 00000000210ddbe8
0x00000000210dda90:   0000000020376960 00000000684cb736
0x00000000210ddaa0:   00000000210de258 000000001dffb000
0x00000000210ddab0:   000000001c21b678 000000001dffb000
0x00000000210ddac0:   000000001c218f10 000000001dffb000
0x00000000210ddad0:   000000001dfea480 00007ffd166b600d
0x00000000210ddae0:   0000000000000009 00000000000003e8
0x00000000210ddaf0:   0000000000000009 000000001dffb000
0x00000000210ddb00:   000000001e001f50 0000000000000021
0x00000000210ddb10:   0000000002b17da0 0000000002b28a77
0x00000000210ddb20:   00000000210ddbb0 000000001c218f10
0x00000000210ddb30:   0000000000000021 0000000002b2865d
0x00000000210ddb40:   000000001dffb000 000000001c218f10
0x00000000210ddb50:   0000000000000021 000000001dffb000
0x00000000210ddb60:   0000000000000001 000000076b028310
0x00000000210ddb70:   00000000210ddb60 000000001c218f10 

Instructions: (pc=0x000000006856cb08)
0x000000006856cae8:   8b ea 3d ab de 00 00 74 17 8b 83 88 02 00 00 3d
0x000000006856caf8:   ac de 00 00 74 0a 48 8b cb e8 5a 13 0e 00 33 db
0x000000006856cb08:   c7 83 70 02 00 00 05 00 00 00 83 3d 4f 27 6b 00
0x000000006856cb18:   01 75 09 80 3d c1 19 6b 00 00 74 18 80 3d b9 19 


Register to memory mapping:

RAX=0x000000000000dead is an unknown value
RBX=0x0000000000000000 is an unknown value
RCX=0x0000000002a10800 is an unknown value
RDX=0x0000000002b01590 is a global jni handle
RSP=0x00000000210dda80 is pointing into the stack for thread: 0x000000001dffb000
RBP=0x0000000002b01590 is a global jni handle
RSI=0x0000000000000000 is an unknown value
RDI=0x0000000000000009 is an unknown value
R8 =0x0000000000000000 is an unknown value
R9 =0x0000000000000009 is an unknown value
R10=0x0000000068bb1d50 is an unknown value
R11=0x000000006863bc50 is an unknown value
R12=0x0000000000000000 is an unknown value
R13={method} {0x000000001c218f18} 'nativeReadBuf' '(JI)I' in 'ch/aplu/jaw/NativeHandler'
R14=0x00000000210ddbe8 is pointing into the stack for thread: 0x000000001dffb000
R15=0x000000001dffb000 is a thread


Stack: [0x0000000020fe0000,0x00000000210e0000],  sp=0x00000000210dda80,  free space=1014k
Native frames: (J=compiled Java code, j=interpreted, Vv=VM code, C=native code)
V  [jvm.dll+0x15cb08]
C  [xboxcontroller64.dll+0x600d]
C  0x0000000002b28a77

Java frames: (J=compiled Java code, j=interpreted, Vv=VM code)
j  ch.aplu.jaw.NativeHandler.nativeReadBuf(JI)I+0
j  ch.aplu.jaw.NativeHandler.readBuf(I)I+33
j  ch.aplu.xboxcontroller.XboxController.readData()Lch/aplu/xboxcontroller/ControllerState;+15
j  ch.aplu.xboxcontroller.XboxController.access$000(Lch/aplu/xboxcontroller/XboxController;)Lch/aplu/xboxcontroller/ControllerState;+1
j  ch.aplu.xboxcontroller.XboxController$1.actionPerformed(Ljava/awt/event/ActionEvent;)V+4
j  javax.swing.Timer.fireActionPerformed(Ljava/awt/event/ActionEvent;)V+34
j  javax.swing.Timer$DoPostEvent.run()V+74
j  java.awt.event.InvocationEvent.dispatch()V+47
j  java.awt.EventQueue.dispatchEventImpl(Ljava/awt/AWTEvent;Ljava/lang/Object;)V+21
j  java.awt.EventQueue.access$500(Ljava/awt/EventQueue;Ljava/awt/AWTEvent;Ljava/lang/Object;)V+3
j  java.awt.EventQueue$3.run()Ljava/lang/Void;+32
j  java.awt.EventQueue$3.run()Ljava/lang/Object;+1
v  ~StubRoutines::call_stub
j  java.security.AccessController.doPrivileged(Ljava/security/PrivilegedAction;Ljava/security/AccessControlContext;)Ljava/lang/Object;+0
j  java.security.ProtectionDomain$JavaSecurityAccessImpl.doIntersectionPrivilege(Ljava/security/PrivilegedAction;Ljava/security/AccessControlContext;Ljava/security/AccessControlContext;)Ljava/lang/Object;+18
j  java.awt.EventQueue.dispatchEvent(Ljava/awt/AWTEvent;)V+46
j  java.awt.EventDispatchThread.pumpOneEventForFilters(I)V+245
j  java.awt.EventDispatchThread.pumpEventsForFilter(ILjava/awt/Conditional;Ljava/awt/EventFilter;)V+35
j  java.awt.EventDispatchThread.pumpEventsForHierarchy(ILjava/awt/Conditional;Ljava/awt/Component;)V+11
j  java.awt.EventDispatchThread.pumpEvents(ILjava/awt/Conditional;)V+4
j  java.awt.EventDispatchThread.pumpEvents(Ljava/awt/Conditional;)V+3
j  java.awt.EventDispatchThread.run()V+9
v  ~StubRoutines::call_stub

---------------  P R O C E S S  ---------------

Java Threads: ( => current thread )
  0x000000001dffc800 JavaThread "DestroyJavaVM" [_thread_blocked, id=12232, stack(0x0000000002910000,0x0000000002a10000)]
  0x000000001dffb800 JavaThread "Thread-2" [_thread_in_native, id=3008, stack(0x00000000210e0000,0x00000000211e0000)]
=>0x000000001dffb000 JavaThread "AWT-EventQueue-0" [_thread_in_native, id=14144, stack(0x0000000020fe0000,0x00000000210e0000)]
  0x000000001dffa000 JavaThread "AWT-Windows" daemon [_thread_in_native, id=5064, stack(0x0000000020de0000,0x0000000020ee0000)]
  0x000000001e000800 JavaThread "AWT-Shutdown" [_thread_blocked, id=8592, stack(0x0000000020ce0000,0x0000000020de0000)]
  0x000000001e001000 JavaThread "Java2D Disposer" daemon [_thread_blocked, id=11220, stack(0x0000000020be0000,0x0000000020ce0000)]
  0x000000001dfff800 JavaThread "TimerQueue" daemon [_thread_blocked, id=12140, stack(0x0000000020a60000,0x0000000020b60000)]
  0x000000001dffe800 JavaThread "Thread-0" [_thread_in_native, id=6964, stack(0x000000001fb30000,0x000000001fc30000)]
  0x000000001df7c000 JavaThread "Service Thread" daemon [_thread_blocked, id=11056, stack(0x000000001f930000,0x000000001fa30000)]
  0x000000001def1000 JavaThread "C1 CompilerThread3" daemon [_thread_blocked, id=4448, stack(0x000000001f830000,0x000000001f930000)]
  0x000000001def0800 JavaThread "C2 CompilerThread2" daemon [_thread_blocked, id=13176, stack(0x000000001f730000,0x000000001f830000)]
  0x000000001dee7800 JavaThread "C2 CompilerThread1" daemon [_thread_blocked, id=14140, stack(0x000000001f630000,0x000000001f730000)]
  0x000000001dee2000 JavaThread "C2 CompilerThread0" daemon [_thread_blocked, id=12024, stack(0x000000001f530000,0x000000001f630000)]
  0x000000001ded9000 JavaThread "Attach Listener" daemon [_thread_blocked, id=11980, stack(0x000000001f430000,0x000000001f530000)]
  0x000000001c80e000 JavaThread "Signal Dispatcher" daemon [_thread_blocked, id=1040, stack(0x000000001f330000,0x000000001f430000)]
  0x000000001ded3000 JavaThread "Finalizer" daemon [_thread_blocked, id=9416, stack(0x000000001f140000,0x000000001f240000)]
  0x0000000002b0a000 JavaThread "Reference Handler" daemon [_thread_blocked, id=4428, stack(0x000000001f040000,0x000000001f140000)]

Other Threads:
  0x000000001c7f7000 VMThread [stack: 0x000000001ef40000,0x000000001f040000] [id=12952]
  0x000000001df90000 WatcherThread [stack: 0x000000001fa30000,0x000000001fb30000] [id=12856]

VM state:not at safepoint (normal execution)

VM Mutex/Monitor currently owned by a thread: None

Heap:
 PSYoungGen      total 76288K, used 13108K [0x000000076af80000, 0x0000000770480000, 0x00000007c0000000)
  eden space 65536K, 20% used [0x000000076af80000,0x000000076bc4d0e8,0x000000076ef80000)
  from space 10752K, 0% used [0x000000076fa00000,0x000000076fa00000,0x0000000770480000)
  to   space 10752K, 0% used [0x000000076ef80000,0x000000076ef80000,0x000000076fa00000)
 ParOldGen       total 175104K, used 0K [0x00000006c0e00000, 0x00000006cb900000, 0x000000076af80000)
  object space 175104K, 0% used [0x00000006c0e00000,0x00000006c0e00000,0x00000006cb900000)
 Metaspace       used 5670K, capacity 5846K, committed 5888K, reserved 1056768K
  class space    used 651K, capacity 735K, committed 768K, reserved 1048576K

Card table byte_map: [0x0000000011ed0000,0x00000000126d0000] byte_map_base: 0x000000000e8c9000

Marking Bits: (ParMarkBitMap*) 0x0000000068c2d850
 Begin Bits: [0x0000000013630000, 0x00000000175f8000)
 End Bits:   [0x00000000175f8000, 0x000000001b5c0000)

Polling page: 0x00000000028b0000

CodeCache: size=245760Kb used=1698Kb max_used=1698Kb free=244061Kb
 bounds [0x0000000002b10000, 0x0000000002d80000, 0x0000000011b10000]
 total_blobs=631 nmethods=299 adapters=245
 compilation: enabled

Compilation events (10 events):
Event: 1.507 Thread 0x000000001def1000  295       3       java.util.HashMap::afterNodeInsertion (1 bytes)
Event: 1.507 Thread 0x000000001def1000 nmethod 295 0x0000000002cb4c10 code [0x0000000002cb4d60, 0x0000000002cb4eb0]
Event: 1.507 Thread 0x000000001def1000  296       1       javax.swing.Timer::getLock (5 bytes)
Event: 1.507 Thread 0x000000001def1000 nmethod 296 0x0000000002cb8210 code [0x0000000002cb8360, 0x0000000002cb8470]
Event: 1.557 Thread 0x000000001def1000  297       3       java.lang.Thread::interrupted (8 bytes)
Event: 1.557 Thread 0x000000001def1000 nmethod 297 0x0000000002cb84d0 code [0x0000000002cb8640, 0x0000000002cb87c8]
Event: 1.862 Thread 0x000000001def1000  298       3       java.util.concurrent.locks.ReentrantLock::unlock (10 bytes)
Event: 1.862 Thread 0x000000001def1000 nmethod 298 0x0000000002cb8890 code [0x0000000002cb8a20, 0x0000000002cb8e38]
Event: 1.862 Thread 0x000000001def1000  299       1       java.awt.AWTEvent::getID (5 bytes)
Event: 1.862 Thread 0x000000001def1000 nmethod 299 0x0000000002cb8f90 code [0x0000000002cb90e0, 0x0000000002cb91f0]

GC Heap History (0 events):
No events

Deoptimization events (0 events):
No events

Internal exceptions (10 events):
Event: 0.186 Thread 0x0000000002a10800 Exception <a 'java/security/PrivilegedActionException'> (0x000000076b065040) thrown at [C:\re\workspace\8-2-build-windows-amd64-cygwin\jdk8u141\9370\hotspot\src\share\vm\prims\jvm.cpp, line 1390]
Event: 0.186 Thread 0x0000000002a10800 Exception <a 'java/security/PrivilegedActionException'> (0x000000076b069080) thrown at [C:\re\workspace\8-2-build-windows-amd64-cygwin\jdk8u141\9370\hotspot\src\share\vm\prims\jvm.cpp, line 1390]
Event: 0.186 Thread 0x0000000002a10800 Exception <a 'java/security/PrivilegedActionException'> (0x000000076b069478) thrown at [C:\re\workspace\8-2-build-windows-amd64-cygwin\jdk8u141\9370\hotspot\src\share\vm\prims\jvm.cpp, line 1390]
Event: 0.188 Thread 0x0000000002a10800 Exception <a 'java/io/FileNotFoundException'> (0x000000076b06bbc0) thrown at [C:\re\workspace\8-2-build-windows-amd64-cygwin\jdk8u141\9370\hotspot\src\share\vm\prims\jni.cpp, line 709]
Event: 0.211 Thread 0x0000000002a10800 Exception <a 'java/lang/NoSuchFieldError': method resolution failed> (0x000000076b3c85f8) thrown at [C:\re\workspace\8-2-build-windows-amd64-cygwin\jdk8u141\9370\hotspot\src\share\vm\prims\methodHandles.cpp, line 1146]
Event: 0.213 Thread 0x0000000002a10800 Exception <a 'java/lang/NoSuchFieldError': method resolution failed> (0x000000076b3d5d98) thrown at [C:\re\workspace\8-2-build-windows-amd64-cygwin\jdk8u141\9370\hotspot\src\share\vm\prims\methodHandles.cpp, line 1146]
Event: 0.226 Thread 0x0000000002a10800 Exception <a 'java/security/PrivilegedActionException'> (0x000000076b454fb0) thrown at [C:\re\workspace\8-2-build-windows-amd64-cygwin\jdk8u141\9370\hotspot\src\share\vm\prims\jvm.cpp, line 1390]
Event: 0.226 Thread 0x0000000002a10800 Exception <a 'java/security/PrivilegedActionException'> (0x000000076b4551c0) thrown at [C:\re\workspace\8-2-build-windows-amd64-cygwin\jdk8u141\9370\hotspot\src\share\vm\prims\jvm.cpp, line 1390]
Event: 0.231 Thread 0x0000000002a10800 Exception <a 'java/io/FileNotFoundException'> (0x000000076b49aa58) thrown at [C:\re\workspace\8-2-build-windows-amd64-cygwin\jdk8u141\9370\hotspot\src\share\vm\prims\jni.cpp, line 709]
Event: 0.333 Thread 0x0000000002a10800 Exception <a 'java/io/FileNotFoundException'> (0x000000076b5f8c80) thrown at [C:\re\workspace\8-2-build-windows-amd64-cygwin\jdk8u141\9370\hotspot\src\share\vm\prims\jni.cpp, line 709]

Events (10 events):
Event: 0.335 loading class java/io/RandomAccessFile done
Event: 0.335 loading class java/lang/NumberFormatException
Event: 0.335 loading class java/lang/NumberFormatException done
Event: 0.336 loading class java/lang/IndexOutOfBoundsException
Event: 0.336 loading class java/lang/IndexOutOfBoundsException done
Event: 0.340 loading class gnu/io/RXTXPort$MonitorThread
Event: 0.340 loading class gnu/io/RXTXPort$MonitorThread done
Event: 0.340 Thread 0x000000001dffb800 Thread added: 0x000000001dffb800
Event: 0.348 Thread 0x0000000002a10800 Thread exited: 0x0000000002a10800
Event: 0.348 Thread 0x000000001dffc800 Thread added: 0x000000001dffc800


Dynamic libraries:
0x00007ff72a980000 - 0x00007ff72a9b7000 	C:\Program Files\Java\jre1.8.0_141\bin\javaw.exe
0x00007ffd21160000 - 0x00007ffd21332000 	C:\Windows\SYSTEM32\ntdll.dll
0x00007ffd1fd20000 - 0x00007ffd1fdcc000 	C:\Windows\System32\KERNEL32.DLL
0x00007ffd1d7e0000 - 0x00007ffd1d9fd000 	C:\Windows\System32\KERNELBASE.dll
0x00007ffd20a60000 - 0x00007ffd20b02000 	C:\Windows\System32\ADVAPI32.dll
0x00007ffd1fc80000 - 0x00007ffd1fd1e000 	C:\Windows\System32\msvcrt.dll
0x00007ffd1e6f0000 - 0x00007ffd1e749000 	C:\Windows\System32\sechost.dll
0x00007ffd20910000 - 0x00007ffd20a31000 	C:\Windows\System32\RPCRT4.dll
0x00007ffd20e60000 - 0x00007ffd20fc5000 	C:\Windows\System32\USER32.dll
0x00007ffd1dc40000 - 0x00007ffd1dc5e000 	C:\Windows\System32\win32u.dll
0x00007ffd20c50000 - 0x00007ffd20c84000 	C:\Windows\System32\GDI32.dll
0x00007ffd1d660000 - 0x00007ffd1d7e0000 	C:\Windows\System32\gdi32full.dll
0x00007ffd04620000 - 0x00007ffd0489a000 	C:\Windows\WinSxS\amd64_microsoft.windows.common-controls_6595b64144ccf1df_6.0.14393.953_none_42151e83c686086b\COMCTL32.dll
0x00007ffd204d0000 - 0x00007ffd20798000 	C:\Windows\System32\combase.dll
0x00007ffd1de60000 - 0x00007ffd1df55000 	C:\Windows\System32\ucrtbase.dll
0x00007ffd1dbd0000 - 0x00007ffd1dc3a000 	C:\Windows\System32\bcryptPrimitives.dll
0x00007ffd20c90000 - 0x00007ffd20cbe000 	C:\Windows\System32\IMM32.DLL
0x0000000068300000 - 0x00000000683d2000 	C:\Program Files\Java\jre1.8.0_141\bin\msvcr100.dll
0x0000000068410000 - 0x0000000068cad000 	C:\Program Files\Java\jre1.8.0_141\bin\server\jvm.dll
0x00007ffd20900000 - 0x00007ffd20908000 	C:\Windows\System32\PSAPI.DLL
0x00007ffd14320000 - 0x00007ffd14329000 	C:\Windows\SYSTEM32\WSOCK32.dll
0x00007ffd1b910000 - 0x00007ffd1b933000 	C:\Windows\SYSTEM32\WINMM.dll
0x00007ffd175a0000 - 0x00007ffd175aa000 	C:\Windows\SYSTEM32\VERSION.dll
0x00007ffd21030000 - 0x00007ffd2109a000 	C:\Windows\System32\WS2_32.dll
0x0000000002880000 - 0x00000000028ab000 	C:\Windows\SYSTEM32\WINMMBASE.dll
0x00007ffd1dd00000 - 0x00007ffd1dd42000 	C:\Windows\System32\cfgmgr32.dll
0x000000006add0000 - 0x000000006addf000 	C:\Program Files\Java\jre1.8.0_141\bin\verify.dll
0x0000000068f20000 - 0x0000000068f49000 	C:\Program Files\Java\jre1.8.0_141\bin\java.dll
0x000000006adb0000 - 0x000000006adc6000 	C:\Program Files\Java\jre1.8.0_141\bin\zip.dll
0x00007ffd1e750000 - 0x00007ffd1fc58000 	C:\Windows\System32\SHELL32.dll
0x00007ffd1df60000 - 0x00007ffd1e63a000 	C:\Windows\System32\windows.storage.dll
0x00007ffd1d610000 - 0x00007ffd1d65c000 	C:\Windows\System32\powrprof.dll
0x00007ffd20840000 - 0x00007ffd20892000 	C:\Windows\System32\shlwapi.dll
0x00007ffd1d600000 - 0x00007ffd1d60f000 	C:\Windows\System32\kernel.appcore.dll
0x00007ffd1ddb0000 - 0x00007ffd1de59000 	C:\Windows\System32\shcore.dll
0x00007ffd1d5d0000 - 0x00007ffd1d5e4000 	C:\Windows\System32\profapi.dll
0x00007ffd166b0000 - 0x00007ffd166c1000 	C:\Windows\XboxController\xboxcontroller64.dll
0x00007ffd18140000 - 0x00007ffd18147000 	C:\Windows\SYSTEM32\XINPUT9_1_0.dll
0x0000000068260000 - 0x00000000682f8000 	C:\Windows\SYSTEM32\MSVCP100.dll
0x00007ffd1bc50000 - 0x00007ffd1bce5000 	C:\Windows\system32\uxtheme.dll
0x00007ffd1ff40000 - 0x00007ffd2009a000 	C:\Windows\System32\MSCTF.dll
0x00007ffd210a0000 - 0x00007ffd2115f000 	C:\Windows\System32\OLEAUT32.dll
0x00007ffd1dc60000 - 0x00007ffd1dcfc000 	C:\Windows\System32\msvcp_win.dll
0x00007ffd1a6e0000 - 0x00007ffd1a706000 	C:\Windows\system32\dwmapi.dll
0x00007ffd18060000 - 0x00007ffd1806e000 	C:\Windows\SYSTEM32\XInput1_4.dll
0x00007ffd1c1e0000 - 0x00007ffd1c208000 	C:\Windows\SYSTEM32\DEVOBJ.dll
0x00000000680c0000 - 0x0000000068258000 	C:\Program Files\Java\jre1.8.0_141\bin\awt.dll
0x00007ffd1ba10000 - 0x00007ffd1ba8a000 	C:\Windows\SYSTEM32\apphelp.dll
0x0000000180000000 - 0x0000000180025000 	F:\Eclipse Workspace\Workspace\CraneProject\mfz-rxtx-2.2-20081207-win-x64\rxtxSerial.dll
0x00007ffd20b10000 - 0x00007ffd20c48000 	C:\Windows\System32\ole32.dll
0x00007ffd0a620000 - 0x00007ffd0a7b2000 	C:\Windows\SYSTEM32\dbghelp.dll

VM Arguments:
jvm_args: -Djava.library.path=C:\Windows\XboxController;C:\Windows\XboxController;F:\Eclipse Workspace\Workspace\CraneProject\javax.comm;F:\Eclipse Workspace\Workspace\CraneProject\mfz-rxtx-2.2-20081207-win-x64 -Dfile.encoding=Cp1252 
java_command: main
java_class_path (initial): F:\Eclipse Workspace\Workspace\CraneProject\bin;F:\Eclipse Workspace\Workspace\CraneProject\XboxController\lib\jaw.jar;F:\Eclipse Workspace\Workspace\CraneProject\XboxController\lib\XboxController.jar;F:\Eclipse Workspace\Workspace\CraneProject\javax.comm\comm.jar;F:\Eclipse Workspace\Workspace\CraneProject\mfz-rxtx-2.2-20081207-win-x64\RXTXcomm.jar
Launcher Type: SUN_STANDARD

Environment Variables:
JAVA_HOME=C:\Program Files\Java\jdk1.8.0_111
PATH=C:/Program Files/Java/jre1.8.0_141/bin/server;C:/Program Files/Java/jre1.8.0_141/bin;C:/Program Files/Java/jre1.8.0_141/lib/amd64;C:\ProgramData\Oracle\Java\javapath;C:\Program Files (x86)\Intel\iCLS Client\;C:\Program Files\Intel\iCLS Client\;C:\Windows\system32;C:\Windows;C:\Windows\System32\Wbem;C:\Windows\System32\WindowsPowerShell\v1.0\;C:\Program Files (x86)\Intel\Intel(R) Management Engine Components\DAL;C:\Program Files\Intel\Intel(R) Management Engine Components\DAL;C:\Program Files (x86)\Intel\Intel(R) Management Engine Components\IPT;C:\Program Files\Intel\Intel(R) Management Engine Components\IPT;C:\Program Files\Microsoft SQL Server\Client SDK\ODBC\130\Tools\Binn\;C:\Program Files (x86)\Microsoft SQL Server\130\Tools\Binn\;C:\Program Files\Microsoft SQL Server\130\Tools\Binn\;C:\Program Files\Microsoft SQL Server\130\DTS\Binn\;C:\Program Files (x86)\Microsoft SQL Server\Client SDK\ODBC\130\Tools\Binn\;C:\Program Files (x86)\Microsoft SQL Server\130\DTS\Binn\;C:\Program Files (x86)\Microsoft SQL Server\130\Tools\Binn\ManagementStudio\;F:\apache-maven-3.3.9\bin;C:\Program Files\Java\jdk1.8.0_111;C:\Program Files\Git\cmd;C:\Program Files\dotnet\;C:\spark-2.1.0-bin-hadoop2.7\bin;C:\Program Files (x86)\scala\bin;HADOOP_HOME\bin;BITNAMI_HOME\bin;BITNAMI_HOME\apache2\bin;C:\Program Files\Java\jdk1.8.0_111\bin;C:\Program Files\Heroku\bin;F:\Eclipse Neon\eclipse;
USERNAME=sloma
OS=Windows_NT
PROCESSOR_IDENTIFIER=Intel64 Family 6 Model 62 Stepping 4, GenuineIntel



---------------  S Y S T E M  ---------------

OS: Windows 10.0 , 64 bit Build 14393 (10.0.14393.1198)

CPU:total 12 (initial active 12) (6 cores per cpu, 2 threads per core) family 6 model 62 stepping 4, cmov, cx8, fxsr, mmx, sse, sse2, sse3, ssse3, sse4.1, sse4.2, popcnt, avx, aes, clmul, erms, ht, tsc, tscinvbit

Memory: 4k page, physical 16716312k(8822320k free), swap 22483480k(11510420k free)

vm_info: Java HotSpot(TM) 64-Bit Server VM (25.141-b15) for windows-amd64 JRE (1.8.0_141-b15), built on Jul 12 2017 04:25:12 by "java_re" with MS VC++ 10.0 (VS2010)

time: Tue Sep 05 21:45:53 2017
elapsed time: 1 seconds (0d 0h 0m 1s)

